<?xml version="1.0" encoding="UTF-8"?>
<robot generator="Robot 3.1.2 (Python 3.7.7 on win32)" generated="20200416 14:35:25.917" rpa="false">
<suite id="s1" name="Locators" source="C:\development\robot-scripts\amazon\tests\Locators.robot">
<test id="s1-t1" name="Should be able to search product">
<kw name="Open Browser" library="SeleniumLibrary">
<doc>Opens a new browser instance to the optional ``url``.</doc>
<arguments>
<arg>http://www.amazon.nl/</arg>
<arg>chrome</arg>
</arguments>
<msg timestamp="20200416 14:35:27.092" level="INFO">Opening browser 'chrome' to base url 'http://www.amazon.nl/'.</msg>
<status status="PASS" starttime="20200416 14:35:27.090" endtime="20200416 14:35:41.903"></status>
</kw>
<kw name="Sleep" library="BuiltIn">
<doc>Pauses the test executed for the given time.</doc>
<arguments>
<arg>3s</arg>
</arguments>
<msg timestamp="20200416 14:35:44.906" level="INFO">Slept 3 seconds</msg>
<status status="PASS" starttime="20200416 14:35:41.905" endtime="20200416 14:35:44.907"></status>
</kw>
<kw name="Input Text" library="SeleniumLibrary">
<doc>Types the given ``text`` into the text field identified by ``locator``.</doc>
<arguments>
<arg>id=twotabsearchtextbox</arg>
<arg>Ferrari 458</arg>
</arguments>
<msg timestamp="20200416 14:35:44.908" level="INFO">Typing text 'Ferrari 458' into text field 'id=twotabsearchtextbox'.</msg>
<status status="PASS" starttime="20200416 14:35:44.908" endtime="20200416 14:35:45.636"></status>
</kw>
<kw name="Sleep" library="BuiltIn">
<doc>Pauses the test executed for the given time.</doc>
<arguments>
<arg>3s</arg>
</arguments>
<msg timestamp="20200416 14:35:48.639" level="INFO">Slept 3 seconds</msg>
<status status="PASS" starttime="20200416 14:35:45.637" endtime="20200416 14:35:48.639"></status>
</kw>
<kw name="Click Button" library="SeleniumLibrary">
<doc>Clicks the button identified by ``locator``.</doc>
<arguments>
<arg>xpath=//*[@id="nav-search"]/form/div[2]/div/input</arg>
</arguments>
<msg timestamp="20200416 14:35:48.641" level="INFO">Clicking button 'xpath=//*[@id="nav-search"]/form/div[2]/div/input'.</msg>
<status status="PASS" starttime="20200416 14:35:48.641" endtime="20200416 14:35:52.168"></status>
</kw>
<kw name="Sleep" library="BuiltIn">
<doc>Pauses the test executed for the given time.</doc>
<arguments>
<arg>2s</arg>
</arguments>
<msg timestamp="20200416 14:35:54.230" level="INFO">Slept 2 seconds</msg>
<status status="PASS" starttime="20200416 14:35:52.228" endtime="20200416 14:35:54.230"></status>
</kw>
<kw name="Click Image" library="SeleniumLibrary">
<doc>Clicks an image identified by ``locator``.</doc>
<arguments>
<arg>Ferrari 458 Lederen Hard Case voor 6-4.7-Inch iPhone - Donkergrijs</arg>
</arguments>
<msg timestamp="20200416 14:35:54.231" level="INFO">Clicking image 'Ferrari 458 Lederen Hard Case voor 6-4.7-Inch iPhone - Donkergrijs'.</msg>
<status status="PASS" starttime="20200416 14:35:54.231" endtime="20200416 14:35:57.304"></status>
</kw>
<kw name="Close Browser" library="SeleniumLibrary">
<doc>Closes the current browser.</doc>
<status status="PASS" starttime="20200416 14:35:57.305" endtime="20200416 14:36:01.020"></status>
</kw>
<status status="PASS" starttime="20200416 14:35:27.055" endtime="20200416 14:36:01.021" critical="yes"></status>
</test>
<status status="PASS" starttime="20200416 14:35:25.936" endtime="20200416 14:36:01.033"></status>
</suite>
<statistics>
<total>
<stat pass="1" fail="0">Critical Tests</stat>
<stat pass="1" fail="0">All Tests</stat>
</total>
<tag>
</tag>
<suite>
<stat pass="1" fail="0" id="s1" name="Locators">Locators</stat>
</suite>
</statistics>
<errors>
</errors>
</robot>
